<?xml version="1.0" encoding="UTF-8"?>
<testng-results ignored="0" total="1" passed="1" failed="0" skipped="0">
  <reporter-output>
  </reporter-output>
  <suite started-at="2024-09-02T21:05:56 IST" name="Suite" finished-at="2024-09-02T21:06:06 IST" duration-ms="9668">
    <groups>
      <group name="Regression">
        <method signature="LoginTest.loginSuccessful()[pri:0, instance:testCases.LoginTest@28261e8e]" name="loginSuccessful" class="testCases.LoginTest"/>
      </group> <!-- Regression -->
      <group name="Smoke">
        <method signature="LoginTest.loginSuccessful()[pri:0, instance:testCases.LoginTest@28261e8e]" name="loginSuccessful" class="testCases.LoginTest"/>
      </group> <!-- Smoke -->
    </groups>
    <test started-at="2024-09-02T21:05:56 IST" name="Test" finished-at="2024-09-02T21:06:06 IST" duration-ms="9668">
      <class name="testCases.LoginTest">
        <test-method is-config="true" signature="setup(java.lang.String,java.lang.String)[pri:0, instance:testCases.LoginTest@28261e8e]" started-at="2024-09-02T21:05:56 IST" name="setup" finished-at="2024-09-02T21:06:03 IST" duration-ms="7275" status="PASS">
          <params>
            <param index="0">
              <value>
                <![CDATA[Windows]]>
              </value>
            </param>
            <param index="1">
              <value>
                <![CDATA[chrome]]>
              </value>
            </param>
          </params>
          <reporter-output>
          </reporter-output>
        </test-method> <!-- setup -->
        <test-method signature="loginSuccessful()[pri:0, instance:testCases.LoginTest@28261e8e]" started-at="2024-09-02T21:06:03 IST" name="loginSuccessful" finished-at="2024-09-02T21:06:05 IST" duration-ms="1990" status="PASS">
          <reporter-output>
          </reporter-output>
        </test-method> <!-- loginSuccessful -->
        <test-method is-config="true" signature="logout()[pri:0, instance:testCases.LoginTest@28261e8e]" started-at="2024-09-02T21:06:05 IST" name="logout" finished-at="2024-09-02T21:06:06 IST" duration-ms="348" status="PASS">
          <reporter-output>
          </reporter-output>
        </test-method> <!-- logout -->
      </class> <!-- testCases.LoginTest -->
    </test> <!-- Test -->
  </suite> <!-- Suite -->
</testng-results>
